Running: C:\Xilinx\14.7\ISE_DS\ISE\bin\nt64\unwrapped\fuse.exe -intstyle ise -incremental -lib secureip -o C:/Users/hasan/Desktop/UMBC/CMSC 313/Project1/SimpleProcessor/ALU_ALU_sch_tb_isim_beh.exe -prj C:/Users/hasan/Desktop/UMBC/CMSC 313/Project1/SimpleProcessor/ALU_ALU_sch_tb_beh.prj work.ALU_ALU_sch_tb 
ISim P.20131013 (signature 0x7708f090)
Number of CPUs detected in this system: 16
Turning on mult-threading, number of parallel sub-compilation jobs: 32 
Determining compilation order of HDL files
Parsing VHDL file "C:/Users/hasan/Desktop/UMBC/CMSC 313/Project1/SimpleProcessor/Eight_bit_adder.vhf" into library work
Parsing VHDL file "C:/Users/hasan/Desktop/UMBC/CMSC 313/Project1/SimpleProcessor/Multi_8bitAND.vhf" into library work
Parsing VHDL file "C:/Users/hasan/Desktop/UMBC/CMSC 313/Project1/SimpleProcessor/Multi_7bitAND.vhf" into library work
Parsing VHDL file "C:/Users/hasan/Desktop/UMBC/CMSC 313/Project1/SimpleProcessor/Multi_5bitAND.vhf" into library work
Parsing VHDL file "C:/Users/hasan/Desktop/UMBC/CMSC 313/Project1/SimpleProcessor/Multi_4bitAND.vhf" into library work
Parsing VHDL file "C:/Users/hasan/Desktop/UMBC/CMSC 313/Project1/SimpleProcessor/Multi_3bitAND.vhf" into library work
Parsing VHDL file "C:/Users/hasan/Desktop/UMBC/CMSC 313/Project1/SimpleProcessor/Multi_2bitAND.vhf" into library work
Parsing VHDL file "C:/Users/hasan/Desktop/UMBC/CMSC 313/Project1/SimpleProcessor/multi6bit_AND.vhf" into library work
Parsing VHDL file "C:/Users/hasan/Desktop/UMBC/CMSC 313/Project1/SimpleProcessor/FullAdder7bits.vhf" into library work
Parsing VHDL file "C:/Users/hasan/Desktop/UMBC/CMSC 313/Project1/SimpleProcessor/FullAdder6Bits.vhf" into library work
Parsing VHDL file "C:/Users/hasan/Desktop/UMBC/CMSC 313/Project1/SimpleProcessor/FullAdder5bit.vhf" into library work
Parsing VHDL file "C:/Users/hasan/Desktop/UMBC/CMSC 313/Project1/SimpleProcessor/fulladder2bits.vhf" into library work
Parsing VHDL file "C:/Users/hasan/Desktop/UMBC/CMSC 313/Project1/SimpleProcessor/full4bitadder.vhf" into library work
Parsing VHDL file "C:/Users/hasan/Desktop/UMBC/CMSC 313/Project1/SimpleProcessor/FulAdder3bit.vhf" into library work
Parsing VHDL file "C:/Users/hasan/Desktop/UMBC/CMSC 313/Project1/SimpleProcessor/Eight_bit_subtractor.vhf" into library work
Parsing VHDL file "C:/Users/hasan/Desktop/UMBC/CMSC 313/Project1/SimpleProcessor/Shift_right.vhf" into library work
Parsing VHDL file "C:/Users/hasan/Desktop/UMBC/CMSC 313/Project1/SimpleProcessor/Mux_2.vhf" into library work
Parsing VHDL file "C:/Users/hasan/Desktop/UMBC/CMSC 313/Project1/SimpleProcessor/mux8.vhf" into library work
Parsing VHDL file "C:/Users/hasan/Desktop/UMBC/CMSC 313/Project1/SimpleProcessor/mux7.vhf" into library work
Parsing VHDL file "C:/Users/hasan/Desktop/UMBC/CMSC 313/Project1/SimpleProcessor/mux6.vhf" into library work
Parsing VHDL file "C:/Users/hasan/Desktop/UMBC/CMSC 313/Project1/SimpleProcessor/mux5.vhf" into library work
Parsing VHDL file "C:/Users/hasan/Desktop/UMBC/CMSC 313/Project1/SimpleProcessor/mux4.vhf" into library work
Parsing VHDL file "C:/Users/hasan/Desktop/UMBC/CMSC 313/Project1/SimpleProcessor/mux3.vhf" into library work
Parsing VHDL file "C:/Users/hasan/Desktop/UMBC/CMSC 313/Project1/SimpleProcessor/Mux1.vhf" into library work
Parsing VHDL file "C:/Users/hasan/Desktop/UMBC/CMSC 313/Project1/SimpleProcessor/multi.vhf" into library work
Parsing VHDL file "C:/Users/hasan/Desktop/UMBC/CMSC 313/Project1/SimpleProcessor/Full_subtractor.vhf" into library work
Parsing VHDL file "C:/Users/hasan/Desktop/UMBC/CMSC 313/Project1/SimpleProcessor/Full_Adder.vhf" into library work
Parsing VHDL file "C:/Users/hasan/Desktop/UMBC/CMSC 313/Project1/SimpleProcessor/B_Output.vhf" into library work
Parsing VHDL file "C:/Users/hasan/Desktop/UMBC/CMSC 313/Project1/SimpleProcessor/Bitwise_XOR.vhf" into library work
Parsing VHDL file "C:/Users/hasan/Desktop/UMBC/CMSC 313/Project1/SimpleProcessor/Bitwise_OR.vhf" into library work
Parsing VHDL file "C:/Users/hasan/Desktop/UMBC/CMSC 313/Project1/SimpleProcessor/Bitwise_AND.vhf" into library work
Parsing VHDL file "C:/Users/hasan/Desktop/UMBC/CMSC 313/Project1/SimpleProcessor/Multiplxer.vhf" into library work
Parsing VHDL file "C:/Users/hasan/Desktop/UMBC/CMSC 313/Project1/SimpleProcessor/ALU.vhf" into library work
Parsing VHDL file "C:/Users/hasan/Desktop/UMBC/CMSC 313/Project1/SimpleProcessor/ALU_tb.vhd" into library work
Starting static elaboration
Completed static elaboration
Compiling package standard
Compiling package std_logic_1164
Compiling package numeric_std
Compiling package vcomponents
Compiling architecture buf_v of entity BUF [buf_default]
Compiling architecture behavioral of entity B_Output_MUSER_ALU [b_output_muser_alu_default]
Compiling architecture xor2_v of entity XOR2 [xor2_default]
Compiling architecture behavioral of entity Bitwise_XOR_MUSER_ALU [bitwise_xor_muser_alu_default]
Compiling architecture and2_v of entity AND2 [and2_default]
Compiling architecture behavioral of entity Bitwise_AND_MUSER_ALU [bitwise_and_muser_alu_default]
Compiling architecture or2_v of entity OR2 [or2_default]
Compiling architecture behavioral of entity Bitwise_OR_MUSER_ALU [bitwise_or_muser_alu_default]
Compiling architecture m8_1e_hxilinx_alu_v of entity M8_1E_HXILINX_ALU [m8_1e_hxilinx_alu_default]
Compiling architecture vcc_v of entity VCC [vcc_default]
Compiling architecture behavioral of entity Mux_2_MUSER_ALU [mux_2_muser_alu_default]
Compiling architecture behavioral of entity Mux1_MUSER_ALU [mux1_muser_alu_default]
Compiling architecture behavioral of entity mux3_MUSER_ALU [mux3_muser_alu_default]
Compiling architecture behavioral of entity mux4_MUSER_ALU [mux4_muser_alu_default]
Compiling architecture behavioral of entity mux5_MUSER_ALU [mux5_muser_alu_default]
Compiling architecture behavioral of entity mux6_MUSER_ALU [mux6_muser_alu_default]
Compiling architecture behavioral of entity mux7_MUSER_ALU [mux7_muser_alu_default]
Compiling architecture behavioral of entity mux8_MUSER_ALU [mux8_muser_alu_default]
Compiling architecture xor3_v of entity XOR3 [xor3_default]
Compiling architecture or3_v of entity OR3 [or3_default]
Compiling architecture behavioral of entity Eight_bit_adder_MUSER_ALU [eight_bit_adder_muser_alu_defaul...]
Compiling architecture gnd_v of entity GND [gnd_default]
Compiling architecture behavioral of entity Full_Adder_MUSER_ALU [full_adder_muser_alu_default]
Compiling architecture inv_v of entity INV [inv_default]
Compiling architecture behavioral of entity Shift_right_MUSER_ALU [shift_right_muser_alu_default]
Compiling architecture behavioral of entity Eight_bit_subtractor_MUSER_ALU [eight_bit_subtractor_muser_alu_d...]
Compiling architecture behavioral of entity Full_subtractor_MUSER_ALU [full_subtractor_muser_alu_defaul...]
Compiling architecture behavioral of entity Multi_8bitAND_MUSER_ALU [multi_8bitand_muser_alu_default]
Compiling architecture behavioral of entity Multi_7bitAND_MUSER_ALU [multi_7bitand_muser_alu_default]
Compiling architecture behavioral of entity FullAdder7bits_MUSER_ALU [fulladder7bits_muser_alu_default]
Compiling architecture behavioral of entity FullAdder6Bits_MUSER_ALU [fulladder6bits_muser_alu_default]
Compiling architecture behavioral of entity multi6bit_AND_MUSER_ALU [multi6bit_and_muser_alu_default]
Compiling architecture behavioral of entity Multi_5bitAND_MUSER_ALU [multi_5bitand_muser_alu_default]
Compiling architecture behavioral of entity Multi_4bitAND_MUSER_ALU [multi_4bitand_muser_alu_default]
Compiling architecture behavioral of entity Multi_3bitAND_MUSER_ALU [multi_3bitand_muser_alu_default]
Compiling architecture behavioral of entity Multi_2bitAND_MUSER_ALU [multi_2bitand_muser_alu_default]
Compiling architecture behavioral of entity FullAdder5bit_MUSER_ALU [fulladder5bit_muser_alu_default]
Compiling architecture behavioral of entity FulAdder3bit_MUSER_ALU [fuladder3bit_muser_alu_default]
Compiling architecture behavioral of entity fulladder2bits_MUSER_ALU [fulladder2bits_muser_alu_default]
Compiling architecture behavioral of entity full4bitadder_MUSER_ALU [full4bitadder_muser_alu_default]
Compiling architecture behavioral of entity multi_MUSER_ALU [multi_muser_alu_default]
Compiling architecture behavioral of entity Multiplxer_MUSER_ALU [multiplxer_muser_alu_default]
Compiling architecture behavioral of entity ALU [alu_default]
Compiling architecture behavioral of entity alu_alu_sch_tb
Time Resolution for simulation is 1ps.
Waiting for 16 sub-compilation(s) to finish...
Compiled 91 VHDL Units
Built simulation executable C:/Users/hasan/Desktop/UMBC/CMSC 313/Project1/SimpleProcessor/ALU_ALU_sch_tb_isim_beh.exe
Fuse Memory Usage: 56000 KB
Fuse CPU Usage: 1187 ms
